0 info it worked if it ends with ok
1 verbose cli [ 'C:\\dev\\nodejs\\node.exe',
1 verbose cli   'C:\\dev\\nodejs\\node_modules\\npm\\bin\\npm-cli.js',
1 verbose cli   'install',
1 verbose cli   '-g',
1 verbose cli   'n',
1 verbose cli   'v5.7.1' ]
2 info using npm@3.6.0
3 info using node@v5.7.0
4 silly loadCurrentTree Starting
5 silly install loadCurrentTree
6 silly install readGlobalPackageData
7 silly fetchPackageMetaData n
8 silly fetchPackageMetaData v5.7.1
9 silly fetchNamedPackageData n
10 silly mapToRegistry name n
11 silly mapToRegistry using default registry
12 silly mapToRegistry registry https://registry.npmjs.org/
13 silly mapToRegistry uri https://registry.npmjs.org/n
14 silly fetchNamedPackageData v5.7.1
15 silly mapToRegistry name v5.7.1
16 silly mapToRegistry using default registry
17 silly mapToRegistry registry https://registry.npmjs.org/
18 silly mapToRegistry uri https://registry.npmjs.org/v5.7.1
19 verbose request uri https://registry.npmjs.org/v5.7.1
20 verbose request no auth needed
21 info attempt registry request try #1 at 15:27:08
22 verbose request id b17ce8ea20551eae
23 http request GET https://registry.npmjs.org/v5.7.1
24 verbose request uri https://registry.npmjs.org/n
25 verbose request no auth needed
26 info attempt registry request try #1 at 15:27:08
27 verbose etag W/"59626328-116ab"
28 verbose lastModified Sun, 09 Jul 2017 17:08:56 GMT
29 http request GET https://registry.npmjs.org/n
30 http 304 https://registry.npmjs.org/n
31 verbose headers { date: 'Tue, 18 Jul 2017 07:27:10 GMT',
31 verbose headers   via: '1.1 varnish',
31 verbose headers   'cache-control': 'max-age=300',
31 verbose headers   etag: 'W/"59626328-116ab"',
31 verbose headers   age: '52',
31 verbose headers   connection: 'keep-alive',
31 verbose headers   'x-served-by': 'cache-hkg6823-HKG',
31 verbose headers   'x-cache': 'HIT',
31 verbose headers   'x-cache-hits': '2',
31 verbose headers   'x-timer': 'S1500362830.175886,VS0,VE0',
31 verbose headers   vary: 'Accept-Encoding, Accept' }
32 silly get cb [ 304,
32 silly get   { date: 'Tue, 18 Jul 2017 07:27:10 GMT',
32 silly get     via: '1.1 varnish',
32 silly get     'cache-control': 'max-age=300',
32 silly get     etag: 'W/"59626328-116ab"',
32 silly get     age: '52',
32 silly get     connection: 'keep-alive',
32 silly get     'x-served-by': 'cache-hkg6823-HKG',
32 silly get     'x-cache': 'HIT',
32 silly get     'x-cache-hits': '2',
32 silly get     'x-timer': 'S1500362830.175886,VS0,VE0',
32 silly get     vary: 'Accept-Encoding, Accept' } ]
33 verbose etag https://registry.npmjs.org/n from cache
34 verbose get saving n to C:\Users\Keke\AppData\Roaming\npm-cache\registry.npmjs.org\n\.cache.json
35 verbose correctMkdir C:\Users\Keke\AppData\Roaming\npm-cache correctMkdir not in flight; initializing
36 http 404 https://registry.npmjs.org/v5.7.1
37 verbose headers { 'content-type': 'application/json',
37 verbose headers   'cache-control': 'max-age=0',
37 verbose headers   'content-length': '2',
37 verbose headers   'accept-ranges': 'bytes',
37 verbose headers   date: 'Tue, 18 Jul 2017 07:27:11 GMT',
37 verbose headers   via: '1.1 varnish',
37 verbose headers   age: '0',
37 verbose headers   connection: 'keep-alive',
37 verbose headers   'x-served-by': 'cache-hkg6820-HKG',
37 verbose headers   'x-cache': 'MISS',
37 verbose headers   'x-cache-hits': '0',
37 verbose headers   'x-timer': 'S1500362830.177589,VS0,VE1028',
37 verbose headers   vary: 'Accept-Encoding' }
38 silly get cb [ 404,
38 silly get   { 'content-type': 'application/json',
38 silly get     'cache-control': 'max-age=0',
38 silly get     'content-length': '2',
38 silly get     'accept-ranges': 'bytes',
38 silly get     date: 'Tue, 18 Jul 2017 07:27:11 GMT',
38 silly get     via: '1.1 varnish',
38 silly get     age: '0',
38 silly get     connection: 'keep-alive',
38 silly get     'x-served-by': 'cache-hkg6820-HKG',
38 silly get     'x-cache': 'MISS',
38 silly get     'x-cache-hits': '0',
38 silly get     'x-timer': 'S1500362830.177589,VS0,VE1028',
38 silly get     vary: 'Accept-Encoding' } ]
39 silly fetchPackageMetaData Error: Registry returned 404 for GET on https://registry.npmjs.org/v5.7.1
39 silly fetchPackageMetaData     at makeError (C:\dev\nvm\v5.7.0\node_modules\npm\node_modules\npm-registry-client\lib\request.js:264:12)
39 silly fetchPackageMetaData     at CachingRegistryClient.<anonymous> (C:\dev\nvm\v5.7.0\node_modules\npm\node_modules\npm-registry-client\lib\request.js:242:14)
39 silly fetchPackageMetaData     at Request._callback (C:\dev\nvm\v5.7.0\node_modules\npm\node_modules\npm-registry-client\lib\request.js:172:14)
39 silly fetchPackageMetaData     at Request.self.callback (C:\dev\nvm\v5.7.0\node_modules\npm\node_modules\request\request.js:198:22)
39 silly fetchPackageMetaData     at emitTwo (events.js:100:13)
39 silly fetchPackageMetaData     at Request.emit (events.js:185:7)
39 silly fetchPackageMetaData     at Request.<anonymous> (C:\dev\nvm\v5.7.0\node_modules\npm\node_modules\request\request.js:1035:10)
39 silly fetchPackageMetaData     at emitOne (events.js:95:20)
39 silly fetchPackageMetaData     at Request.emit (events.js:182:7)
39 silly fetchPackageMetaData     at IncomingMessage.<anonymous> (C:\dev\nvm\v5.7.0\node_modules\npm\node_modules\request\request.js:962:12)
39 silly fetchPackageMetaData  error for v5.7.1 { [Error: Registry returned 404 for GET on https://registry.npmjs.org/v5.7.1] pkgid: 'v5.7.1', statusCode: 404, code: 'E404' }
40 silly rollbackFailedOptional Starting
41 silly rollbackFailedOptional Finishing
42 silly runTopLevelLifecycles Starting
43 silly runTopLevelLifecycles Finishing
44 silly install printInstalled
45 verbose stack Error: Registry returned 404 for GET on https://registry.npmjs.org/v5.7.1
45 verbose stack     at makeError (C:\dev\nvm\v5.7.0\node_modules\npm\node_modules\npm-registry-client\lib\request.js:264:12)
45 verbose stack     at CachingRegistryClient.<anonymous> (C:\dev\nvm\v5.7.0\node_modules\npm\node_modules\npm-registry-client\lib\request.js:242:14)
45 verbose stack     at Request._callback (C:\dev\nvm\v5.7.0\node_modules\npm\node_modules\npm-registry-client\lib\request.js:172:14)
45 verbose stack     at Request.self.callback (C:\dev\nvm\v5.7.0\node_modules\npm\node_modules\request\request.js:198:22)
45 verbose stack     at emitTwo (events.js:100:13)
45 verbose stack     at Request.emit (events.js:185:7)
45 verbose stack     at Request.<anonymous> (C:\dev\nvm\v5.7.0\node_modules\npm\node_modules\request\request.js:1035:10)
45 verbose stack     at emitOne (events.js:95:20)
45 verbose stack     at Request.emit (events.js:182:7)
45 verbose stack     at IncomingMessage.<anonymous> (C:\dev\nvm\v5.7.0\node_modules\npm\node_modules\request\request.js:962:12)
46 verbose statusCode 404
47 verbose pkgid v5.7.1
48 verbose cwd C:\demo\htdocs\nodejs\code
49 error Windows_NT 10.0.14393
50 error argv "C:\\dev\\nodejs\\node.exe" "C:\\dev\\nodejs\\node_modules\\npm\\bin\\npm-cli.js" "install" "-g" "n" "v5.7.1"
51 error node v5.7.0
52 error npm  v3.6.0
53 error code E404
54 error 404 Registry returned 404 for GET on https://registry.npmjs.org/v5.7.1
55 error 404
56 error 404 'v5.7.1' is not in the npm registry.
57 error 404 You should bug the author to publish it (or use the name yourself!)
58 error 404 Note that you can also install from a
59 error 404 tarball, folder, http url, or git url.
60 verbose exit [ 1, true ]
